Traceback (most recent call last):
  File "c:\users\emsuewil\anaconda3\envs\stats_for_hds\lib\site-packages\jupyter_cache\executors\utils.py", line 56, in single_nb_execution
    record_timing=False,
  File "c:\users\emsuewil\anaconda3\envs\stats_for_hds\lib\site-packages\nbclient\client.py", line 1077, in execute
    return NotebookClient(nb=nb, resources=resources, km=km, **kwargs).execute()
  File "c:\users\emsuewil\anaconda3\envs\stats_for_hds\lib\site-packages\nbclient\util.py", line 74, in wrapped
    return just_run(coro(*args, **kwargs))
  File "c:\users\emsuewil\anaconda3\envs\stats_for_hds\lib\site-packages\nbclient\util.py", line 53, in just_run
    return loop.run_until_complete(coro)
  File "c:\users\emsuewil\anaconda3\envs\stats_for_hds\lib\asyncio\base_events.py", line 573, in run_until_complete
    return future.result()
  File "c:\users\emsuewil\anaconda3\envs\stats_for_hds\lib\site-packages\nbclient\client.py", line 527, in async_execute
    cell, index, execution_count=self.code_cells_executed + 1
  File "c:\users\emsuewil\anaconda3\envs\stats_for_hds\lib\site-packages\nbclient\client.py", line 822, in async_execute_cell
    self._check_raise_for_error(cell, exec_reply)
  File "c:\users\emsuewil\anaconda3\envs\stats_for_hds\lib\site-packages\nbclient\client.py", line 730, in _check_raise_for_error
    raise CellExecutionError.from_cell_and_msg(cell, exec_reply['content'])
nbclient.exceptions.CellExecutionError: An error occurred while executing the following cell:
------------------
{
    "tags": [
        "hide-input",
    ]
}

# Labels for the graph
lab1 <- expression(mu - 3)
lab2 <- expression(mu - 2)
lab3 <- expression(mu - 1)
lab4 <- expression(mu)
lab5 <- expression(mu + 1)
lab6 <- expression(mu + 2)
lab7 <- expression(mu + 3)

# Plot a normal distribution centred around a value "mu" with an unspecified dispersion
options(repr.plot.width=5, repr.plot.height=5)
plot(seq(-4, 4, by=.05), xaxt="none",  xlab=" ", ylab="Density", 
     dnorm(seq(-4, 4, by=.05), 0, 1.52), col="blue", type = "l")
abline(v=0, col="black")
axis(1, seq(-3, 3, by=1), labels=c(lab1, lab2, lab3, lab4, lab5, lab6, lab7))
------------------

Error in parse(text = x, srcfile = src): <text>:2:13: unexpected '['
1: {
2:     "tags": [
               ^
Traceback:

ERROR: Error in parse(text = x, srcfile = src): <text>:2:13: unexpected '['
1: {
2:     "tags": [
               ^


