Traceback (most recent call last):
  File "c:\users\emsuewil\anaconda3\envs\stats_for_hds\lib\site-packages\jupyter_cache\executors\utils.py", line 56, in single_nb_execution
    record_timing=False,
  File "c:\users\emsuewil\anaconda3\envs\stats_for_hds\lib\site-packages\nbclient\client.py", line 1077, in execute
    return NotebookClient(nb=nb, resources=resources, km=km, **kwargs).execute()
  File "c:\users\emsuewil\anaconda3\envs\stats_for_hds\lib\site-packages\nbclient\util.py", line 74, in wrapped
    return just_run(coro(*args, **kwargs))
  File "c:\users\emsuewil\anaconda3\envs\stats_for_hds\lib\site-packages\nbclient\util.py", line 53, in just_run
    return loop.run_until_complete(coro)
  File "c:\users\emsuewil\anaconda3\envs\stats_for_hds\lib\asyncio\base_events.py", line 573, in run_until_complete
    return future.result()
  File "c:\users\emsuewil\anaconda3\envs\stats_for_hds\lib\site-packages\nbclient\client.py", line 527, in async_execute
    cell, index, execution_count=self.code_cells_executed + 1
  File "c:\users\emsuewil\anaconda3\envs\stats_for_hds\lib\site-packages\nbclient\client.py", line 822, in async_execute_cell
    self._check_raise_for_error(cell, exec_reply)
  File "c:\users\emsuewil\anaconda3\envs\stats_for_hds\lib\site-packages\nbclient\client.py", line 730, in _check_raise_for_error
    raise CellExecutionError.from_cell_and_msg(cell, exec_reply['content'])
nbclient.exceptions.CellExecutionError: An error occurred while executing the following cell:
------------------
# Set the plot area into a 1x2 array
par(mfrow=c(1,2))

#Example 1: Scatter Plot
plot(data$Birth.Weight, data$Gestational.Days,  main="Example 1", 
     xlab="Gestational Days", ylab="Birthweight (oz)", pch=19)

#Example 2: Box plot
boxplot(data$Birth.Weight~data$Maternal.Smoker, main="Example 2", xlab="Mother smokes", ylab="Birthweight (oz)")

------------------

Error in data$Birth.Weight: object of type 'closure' is not subsettable
Traceback:

1. plot(data$Birth.Weight, data$Gestational.Days, main = "Example 1", 
 .     xlab = "Gestational Days", ylab = "Birthweight (oz)", pch = 19)
ERROR: Error in data$Birth.Weight: object of type 'closure' is not subsettable


